[90m2023-11-10T11:06:05.893Z[39m [96mINFO[39m [97m@wdio/browserstack-service[39m app is not defined in browserstack-service config, skipping ...
[90m2023-11-10T11:06:05.894Z[39m [32mDEBUG[39m [97m@wdio/browserstack-service[39m Sending launch start event
[90m2023-11-10T11:06:08.230Z[39m [32mDEBUG[39m [97m@wdio/browserstack-service[39m [Start_Build] Success response: {"build_hashed_id":"1bubo4pfdijtfx3mtkvpurdsvdqe8qgdgq44edgl","jwt":"eyJhbGciOiJIUzI1NiJ9.eyJpc3MiOiJicm93c2Vyc3RhY2tfb2IiLCJzdWIiOiI3ODQ4MzY4IiwiZ3JvdXBfaWQiOjc3NTYzMzYsInVzZXJfaWQiOjc4NDgzNjgsImJ1aWxkX2hhc2hlZF9pZCI6IjFidWJvNHBmZGlqdGZ4M210a3ZwdXJkc3ZkcWU4cWdkZ3E0NGVkZ2wiLCJob29rX2FzX3Rlc3QiOiIxIiwiaWF0IjoxNjk5NjE0MzY4LCJleHAiOjE2OTk5NTk5Njh9.EYkOTNhNDC3noLs3-qsPt5S_IrkmqrNHHwkuSphJ6Ag","allow_screenshots":true}
[90m2023-11-10T11:06:08.230Z[39m [96mINFO[39m [97m@wdio/browserstack-service[39m browserstackLocal is not enabled - skipping...
[90m2023-11-10T11:06:32.018Z[39m [32mDEBUG[39m [97m@wdio/browserstack-service[39m Requesting Browserstack session URL at https://api-cloud.browserstack.com/app-automate/sessions/72cc8e5c4f9b008b900673f2eff25148f93550e7.json
[90m2023-11-10T11:06:34.720Z[39m [96mINFO[39m [97m@wdio/browserstack-service[39m  session: https://app-automate.browserstack.com/builds/6a9f467187827caf20174f1299e8bb35fedb5d03/sessions/72cc8e5c4f9b008b900673f2eff25148f93550e7
[90m2023-11-10T11:06:34.742Z[39m [96mINFO[39m [97m@wdio/browserstack-service[39m Update job with sessionId 72cc8e5c4f9b008b900673f2eff25148f93550e7
[90m2023-11-10T11:06:34.742Z[39m [32mDEBUG[39m [97m@wdio/browserstack-service[39m Updating Browserstack session at https://api-cloud.browserstack.com/app-automate/sessions/72cc8e5c4f9b008b900673f2eff25148f93550e7.json with request body: 
[90m2023-11-10T11:06:36.499Z[39m [96mINFO[39m [97m@wdio/browserstack-service[39m Update job with sessionId 72cc8e5c4f9b008b900673f2eff25148f93550e7
[90m2023-11-10T11:06:36.499Z[39m [32mDEBUG[39m [97m@wdio/browserstack-service[39m Updating Browserstack session at https://api-cloud.browserstack.com/app-automate/sessions/72cc8e5c4f9b008b900673f2eff25148f93550e7.json with request body: 
[90m2023-11-10T11:06:36.891Z[39m [32mDEBUG[39m [97m@wdio/browserstack-service[39m Added data to request queue. Queue length = 1
[90m2023-11-10T11:06:37.043Z[39m [32mDEBUG[39m [97m@wdio/browserstack-service[39m Added data to request queue. Queue length = 2
[90m2023-11-10T11:06:37.065Z[39m [32mDEBUG[39m [97m@wdio/browserstack-service[39m Added data to request queue. Queue length = 3
[90m2023-11-10T11:06:37.165Z[39m [32mDEBUG[39m [97m@wdio/browserstack-service[39m Added data to request queue. Queue length = 4
[90m2023-11-10T11:06:37.964Z[39m [32mDEBUG[39m [97m@wdio/browserstack-service[39m Sending data from request queue. Data length = 4, Queue length after removal = 0
[90m2023-11-10T11:06:38.367Z[39m [32mDEBUG[39m [97m@wdio/browserstack-service[39m Added data to request queue. Queue length = 1
[90m2023-11-10T11:06:38.405Z[39m [32mDEBUG[39m [97m@wdio/browserstack-service[39m Added data to request queue. Queue length = 2
[90m2023-11-10T11:06:39.048Z[39m [32mDEBUG[39m [97m@wdio/browserstack-service[39m Added data to request queue. Queue length = 3
[90m2023-11-10T11:06:39.049Z[39m [32mDEBUG[39m [97m@wdio/browserstack-service[39m Added data to request queue. Queue length = 4
[90m2023-11-10T11:06:39.053Z[39m [96mINFO[39m [97m@wdio/browserstack-service[39m Update job with sessionId 72cc8e5c4f9b008b900673f2eff25148f93550e7
[90m2023-11-10T11:06:39.054Z[39m [32mDEBUG[39m [97m@wdio/browserstack-service[39m Updating Browserstack session at https://api-cloud.browserstack.com/app-automate/sessions/72cc8e5c4f9b008b900673f2eff25148f93550e7.json with request body: 
[90m2023-11-10T11:06:39.259Z[39m [32mDEBUG[39m [97m@wdio/browserstack-service[39m [INTERVAL_QUEUE] Success response: {"success":true}
[90m2023-11-10T11:06:39.499Z[39m [32mDEBUG[39m [97m@wdio/browserstack-service[39m Added data to request queue. Queue length = 5
[90m2023-11-10T11:06:39.606Z[39m [32mDEBUG[39m [97m@wdio/browserstack-service[39m Added data to request queue. Queue length = 6
[90m2023-11-10T11:06:39.966Z[39m [32mDEBUG[39m [97m@wdio/browserstack-service[39m Sending data from request queue. Data length = 6, Queue length after removal = 0
[90m2023-11-10T11:06:40.237Z[39m [32mDEBUG[39m [97m@wdio/browserstack-service[39m [INTERVAL_QUEUE] Success response: {"success":true}
[90m2023-11-10T11:06:40.826Z[39m [32mDEBUG[39m [97m@wdio/browserstack-service[39m Added data to request queue. Queue length = 1
[90m2023-11-10T11:06:40.914Z[39m [32mDEBUG[39m [97m@wdio/browserstack-service[39m Added data to request queue. Queue length = 2
[90m2023-11-10T11:06:41.966Z[39m [32mDEBUG[39m [97m@wdio/browserstack-service[39m Sending data from request queue. Data length = 2, Queue length after removal = 0
[90m2023-11-10T11:06:42.158Z[39m [32mDEBUG[39m [97m@wdio/browserstack-service[39m Added data to request queue. Queue length = 1
[90m2023-11-10T11:06:42.230Z[39m [32mDEBUG[39m [97m@wdio/browserstack-service[39m [INTERVAL_QUEUE] Success response: {"success":true}
[90m2023-11-10T11:06:42.290Z[39m [32mDEBUG[39m [97m@wdio/browserstack-service[39m Added data to request queue. Queue length = 2
[90m2023-11-10T11:06:43.515Z[39m [32mDEBUG[39m [97m@wdio/browserstack-service[39m Added data to request queue. Queue length = 3
[90m2023-11-10T11:06:43.620Z[39m [32mDEBUG[39m [97m@wdio/browserstack-service[39m Added data to request queue. Queue length = 4
[90m2023-11-10T11:06:43.690Z[39m [32mDEBUG[39m [97m@wdio/browserstack-service[39m Added data to request queue. Queue length = 5
[90m2023-11-10T11:06:43.691Z[39m [32mDEBUG[39m [97m@wdio/browserstack-service[39m Added data to request queue. Queue length = 6
[90m2023-11-10T11:06:43.765Z[39m [32mDEBUG[39m [97m@wdio/browserstack-service[39m Added data to request queue. Queue length = 7
[90m2023-11-10T11:06:43.864Z[39m [32mDEBUG[39m [97m@wdio/browserstack-service[39m Added data to request queue. Queue length = 8
[90m2023-11-10T11:06:43.968Z[39m [32mDEBUG[39m [97m@wdio/browserstack-service[39m Sending data from request queue. Data length = 8, Queue length after removal = 0
[90m2023-11-10T11:06:44.336Z[39m [32mDEBUG[39m [97m@wdio/browserstack-service[39m [INTERVAL_QUEUE] Success response: {"success":true}
[90m2023-11-10T11:06:48.792Z[39m [32mDEBUG[39m [97m@wdio/browserstack-service[39m Added data to request queue. Queue length = 1
[90m2023-11-10T11:06:49.101Z[39m [32mDEBUG[39m [97m@wdio/browserstack-service[39m Added data to request queue. Queue length = 2
[90m2023-11-10T11:06:49.804Z[39m [32mDEBUG[39m [97m@wdio/browserstack-service[39m Added data to request queue. Queue length = 3
[90m2023-11-10T11:06:49.973Z[39m [32mDEBUG[39m [97m@wdio/browserstack-service[39m Sending data from request queue. Data length = 3, Queue length after removal = 0
[90m2023-11-10T11:06:49.982Z[39m [32mDEBUG[39m [97m@wdio/browserstack-service[39m Added data to request queue. Queue length = 1
[90m2023-11-10T11:06:50.101Z[39m [32mDEBUG[39m [97m@wdio/browserstack-service[39m Added data to request queue. Queue length = 2
[90m2023-11-10T11:06:50.496Z[39m [32mDEBUG[39m [97m@wdio/browserstack-service[39m [INTERVAL_QUEUE] Success response: {"success":true}
[90m2023-11-10T11:06:50.650Z[39m [32mDEBUG[39m [97m@wdio/browserstack-service[39m Added data to request queue. Queue length = 3
[90m2023-11-10T11:06:50.651Z[39m [32mDEBUG[39m [97m@wdio/browserstack-service[39m Added data to request queue. Queue length = 4
[90m2023-11-10T11:06:50.658Z[39m [96mINFO[39m [97m@wdio/browserstack-service[39m Update job with sessionId 72cc8e5c4f9b008b900673f2eff25148f93550e7
[90m2023-11-10T11:06:50.658Z[39m [32mDEBUG[39m [97m@wdio/browserstack-service[39m Updating Browserstack session at https://api-cloud.browserstack.com/app-automate/sessions/72cc8e5c4f9b008b900673f2eff25148f93550e7.json with request body: 
[90m2023-11-10T11:06:51.259Z[39m [32mDEBUG[39m [97m@wdio/browserstack-service[39m Shutting down request queue
[90m2023-11-10T11:06:51.776Z[39m [32mDEBUG[39m [97m@wdio/browserstack-service[39m [SHUTDOWN_QUEUE] Success response: {"success":true}
[90m2023-11-10T11:06:52.994Z[39m [32mDEBUG[39m [97m@wdio/browserstack-service[39m Added data to request queue. Queue length = 1
[90m2023-11-10T11:06:54.908Z[39m [32mDEBUG[39m [97m@wdio/browserstack-service[39m Inside OnComplete hook..
[90m2023-11-10T11:06:54.909Z[39m [32mDEBUG[39m [97m@wdio/browserstack-service[39m Sending stop launch event
[90m2023-11-10T11:06:55.171Z[39m [32mDEBUG[39m [97m@wdio/browserstack-service[39m [STOP_BUILD] Success response: ""
[90m2023-11-10T11:06:56.267Z[39m [32mDEBUG[39m [97m@wdio/browserstack-service[39m Response - {
  status: 'success',
  message: 'Logs upload successful in file - logs.gz'
}
